<?xml version="1.0" encoding="UTF-8"?>
<testng-results ignored="0" total="14" passed="14" failed="0" skipped="0">
  <reporter-output>
  </reporter-output>
  <suite started-at="2023-05-26T11:06:57 IST" name="Suite" finished-at="2023-05-26T11:07:15 IST" duration-ms="17980">
    <groups>
    </groups>
    <test started-at="2023-05-26T11:06:57 IST" name="Test" finished-at="2023-05-26T11:07:15 IST" duration-ms="17980">
      <class name="api.test.PincodeServiceableTests">
        <test-method signature="pincodeServiceable()[pri:4, instance:api.test.PincodeServiceableTests@957e06]" started-at="2023-05-26T11:07:09 IST" name="pincodeServiceable" finished-at="2023-05-26T11:07:10 IST" duration-ms="682" status="PASS">
          <reporter-output>
          </reporter-output>
        </test-method> <!-- pincodeServiceable -->
      </class> <!-- api.test.PincodeServiceableTests -->
      <class name="api.test.GetAddressTests">
        <test-method signature="testGetAddress()[pri:8, instance:api.test.GetAddressTests@66f57048]" started-at="2023-05-26T11:07:12 IST" name="testGetAddress" finished-at="2023-05-26T11:07:13 IST" duration-ms="546" status="PASS">
          <reporter-output>
          </reporter-output>
        </test-method> <!-- testGetAddress -->
      </class> <!-- api.test.GetAddressTests -->
      <class name="api.test.ApplyCouponTests">
        <test-method signature="testApplyCoupon()[pri:13, instance:api.test.ApplyCouponTests@437da279]" started-at="2023-05-26T11:07:14 IST" name="testApplyCoupon" finished-at="2023-05-26T11:07:15 IST" duration-ms="329" status="PASS">
          <reporter-output>
          </reporter-output>
        </test-method> <!-- testApplyCoupon -->
        <test-method signature="testRevokeCoupon()[pri:14, instance:api.test.ApplyCouponTests@437da279]" started-at="2023-05-26T11:07:15 IST" name="testRevokeCoupon" finished-at="2023-05-26T11:07:15 IST" duration-ms="320" status="PASS">
          <reporter-output>
          </reporter-output>
        </test-method> <!-- testRevokeCoupon -->
      </class> <!-- api.test.ApplyCouponTests -->
      <class name="api.test.OrderAvailableTimeslotsTests">
        <test-method signature="testOrderAvaialbleTimeslots()[pri:12, instance:api.test.OrderAvailableTimeslotsTests@7bab3f1a]" started-at="2023-05-26T11:07:14 IST" name="testOrderAvaialbleTimeslots" finished-at="2023-05-26T11:07:14 IST" duration-ms="337" status="PASS">
          <reporter-output>
          </reporter-output>
        </test-method> <!-- testOrderAvaialbleTimeslots -->
      </class> <!-- api.test.OrderAvailableTimeslotsTests -->
      <class name="api.test.GetCommonQuoteTests">
        <test-method signature="testGetCommonQuotes()[pri:7, instance:api.test.GetCommonQuoteTests@4dbb42b7]" started-at="2023-05-26T11:07:11 IST" name="testGetCommonQuotes" finished-at="2023-05-26T11:07:12 IST" duration-ms="700" status="PASS">
          <reporter-output>
          </reporter-output>
        </test-method> <!-- testGetCommonQuotes -->
      </class> <!-- api.test.GetCommonQuoteTests -->
      <class name="api.test.ApplicablePaymentMethodsTests">
        <test-method signature="testApplicablePaymentMethods()[pri:10, instance:api.test.ApplicablePaymentMethodsTests@21282ed8]" started-at="2023-05-26T11:07:13 IST" name="testApplicablePaymentMethods" finished-at="2023-05-26T11:07:14 IST" duration-ms="418" status="PASS">
          <reporter-output>
          </reporter-output>
        </test-method> <!-- testApplicablePaymentMethods -->
      </class> <!-- api.test.ApplicablePaymentMethodsTests -->
      <class name="api.test.LoginTests">
        <test-method signature="testLogin()[pri:1, instance:api.test.LoginTests@5a56cdac]" started-at="2023-05-26T11:06:57 IST" name="testLogin" finished-at="2023-05-26T11:07:08 IST" duration-ms="10658" status="PASS">
          <reporter-output>
          </reporter-output>
        </test-method> <!-- testLogin -->
        <test-method signature="testResendOtp()[pri:2, instance:api.test.LoginTests@5a56cdac]" started-at="2023-05-26T11:07:08 IST" name="testResendOtp" finished-at="2023-05-26T11:07:08 IST" duration-ms="676" status="PASS">
          <reporter-output>
          </reporter-output>
        </test-method> <!-- testResendOtp -->
        <test-method signature="testVerifyOtp()[pri:3, instance:api.test.LoginTests@5a56cdac]" started-at="2023-05-26T11:07:08 IST" name="testVerifyOtp" finished-at="2023-05-26T11:07:09 IST" duration-ms="596" status="PASS">
          <reporter-output>
          </reporter-output>
        </test-method> <!-- testVerifyOtp -->
      </class> <!-- api.test.LoginTests -->
      <class name="api.test.DetectDeviceTests">
        <test-method signature="testDetectDevice()[pri:5, instance:api.test.DetectDeviceTests@32502377]" started-at="2023-05-26T11:07:10 IST" name="testDetectDevice" finished-at="2023-05-26T11:07:11 IST" duration-ms="1012" status="PASS">
          <reporter-output>
          </reporter-output>
        </test-method> <!-- testDetectDevice -->
      </class> <!-- api.test.DetectDeviceTests -->
      <class name="api.test.VerifyIfscTests">
        <test-method signature="testVerifyIfsc()[pri:11, instance:api.test.VerifyIfscTests@36916eb0]" started-at="2023-05-26T11:07:14 IST" name="testVerifyIfsc" finished-at="2023-05-26T11:07:14 IST" duration-ms="405" status="PASS">
          <reporter-output>
          </reporter-output>
        </test-method> <!-- testVerifyIfsc -->
      </class> <!-- api.test.VerifyIfscTests -->
      <class name="api.test.AddUpdateAddressTests">
        <test-method signature="testAddUpdateAddress()[pri:9, instance:api.test.AddUpdateAddressTests@550dbc7a]" started-at="2023-05-26T11:07:13 IST" name="testAddUpdateAddress" finished-at="2023-05-26T11:07:13 IST" duration-ms="358" status="PASS">
          <reporter-output>
          </reporter-output>
        </test-method> <!-- testAddUpdateAddress -->
      </class> <!-- api.test.AddUpdateAddressTests -->
      <class name="api.test.ListVariantsTests">
        <test-method signature="testListVariantQuestions()[pri:6, instance:api.test.ListVariantsTests@2c1b194a]" started-at="2023-05-26T11:07:11 IST" name="testListVariantQuestions" finished-at="2023-05-26T11:07:11 IST" duration-ms="695" status="PASS">
          <reporter-output>
          </reporter-output>
        </test-method> <!-- testListVariantQuestions -->
      </class> <!-- api.test.ListVariantsTests -->
    </test> <!-- Test -->
  </suite> <!-- Suite -->
</testng-results>
