<?xml version="1.0" encoding="UTF-8"?>
<testng-results ignored="1" total="8" passed="6" failed="1" skipped="0">
  <reporter-output>
  </reporter-output>
  <suite started-at="2024-04-14T15:36:55 IST" name="Default suite" finished-at="2024-04-14T15:37:00 IST" duration-ms="4876">
    <groups>
    </groups>
    <test started-at="2024-04-14T15:36:55 IST" name="Default test" finished-at="2024-04-14T15:37:00 IST" duration-ms="4876">
      <class name="login.SendOtp">
        <test-method is-config="true" signature="beforeSuite(org.testng.ITestContext)[pri:0, instance:login.SendOtp@7d4f9aae]" started-at="2024-04-14T15:36:54 IST" name="beforeSuite" finished-at="2024-04-14T15:36:55 IST" duration-ms="626" status="PASS">
          <params>
            <param index="0">
              <value>
                <![CDATA[org.testng.TestRunner@dbddbe3]]>
              </value>
            </param>
          </params>
          <reporter-output>
          </reporter-output>
        </test-method> <!-- beforeSuite -->
        <test-method is-config="true" signature="before_method()[pri:0, instance:login.SendOtp@7d4f9aae]" started-at="2024-04-14T15:36:55 IST" name="before_method" finished-at="2024-04-14T15:36:55 IST" duration-ms="1" status="PASS">
          <reporter-output>
          </reporter-output>
        </test-method> <!-- before_method -->
        <test-method signature="TC_1_headerValidationForContentType_Missing()[pri:1, instance:login.SendOtp@7d4f9aae]" started-at="2024-04-14T15:36:55 IST" name="TC_1_headerValidationForContentType_Missing" finished-at="2024-04-14T15:36:57 IST" duration-ms="2382" status="FAIL">
          <exception class="java.lang.AssertionError">
            <message>
              <![CDATA[Expected staus code is422Actual status code is 200 expected [422] but found [200]]]>
            </message>
            <full-stacktrace>
              <![CDATA[java.lang.AssertionError: Expected staus code is422Actual status code is 200 expected [422] but found [200]
at org.testng.Assert.fail(Assert.java:110)
at org.testng.Assert.failNotEquals(Assert.java:1577)
at org.testng.Assert.assertEqualsImpl(Assert.java:149)
at org.testng.Assert.assertEquals(Assert.java:131)
at org.testng.Assert.assertEquals(Assert.java:1418)
at org.testng.Assert.assertEquals(Assert.java:1382)
at api.services.ApiClient.validateStatusCode(ApiClient.java:33)
at login.SendOtp.TC_1_headerValidationForContentType_Missing(SendOtp.java:46)
at java.base/jdk.internal.reflect.NativeMethodAccessorImpl.invoke0(Native Method)
at java.base/jdk.internal.reflect.NativeMethodAccessorImpl.invoke(NativeMethodAccessorImpl.java:77)
at java.base/jdk.internal.reflect.DelegatingMethodAccessorImpl.invoke(DelegatingMethodAccessorImpl.java:43)
at java.base/java.lang.reflect.Method.invoke(Method.java:568)
at org.testng.internal.invokers.MethodInvocationHelper.invokeMethod(MethodInvocationHelper.java:139)
at org.testng.internal.invokers.TestInvoker.invokeMethod(TestInvoker.java:677)
at org.testng.internal.invokers.TestInvoker.invokeTestMethod(TestInvoker.java:221)
at org.testng.internal.invokers.MethodRunner.runInSequence(MethodRunner.java:50)
at org.testng.internal.invokers.TestInvoker$MethodInvocationAgent.invoke(TestInvoker.java:969)
at org.testng.internal.invokers.TestInvoker.invokeTestMethods(TestInvoker.java:194)
at org.testng.internal.invokers.TestMethodWorker.invokeTestMethods(TestMethodWorker.java:148)
at org.testng.internal.invokers.TestMethodWorker.run(TestMethodWorker.java:128)
at java.base/java.util.ArrayList.forEach(ArrayList.java:1511)
at org.testng.TestRunner.privateRun(TestRunner.java:829)
at org.testng.TestRunner.run(TestRunner.java:602)
at org.testng.SuiteRunner.runTest(SuiteRunner.java:437)
at org.testng.SuiteRunner.runSequentially(SuiteRunner.java:431)
at org.testng.SuiteRunner.privateRun(SuiteRunner.java:391)
at org.testng.SuiteRunner.run(SuiteRunner.java:330)
at org.testng.SuiteRunnerWorker.runSuite(SuiteRunnerWorker.java:52)
at org.testng.SuiteRunnerWorker.run(SuiteRunnerWorker.java:95)
at org.testng.TestNG.runSuitesSequentially(TestNG.java:1256)
at org.testng.TestNG.runSuitesLocally(TestNG.java:1176)
at org.testng.TestNG.runSuites(TestNG.java:1099)
at org.testng.TestNG.run(TestNG.java:1067)
at org.testng.remote.AbstractRemoteTestNG.run(AbstractRemoteTestNG.java:115)
at org.testng.remote.RemoteTestNG.initAndRun(RemoteTestNG.java:251)
at org.testng.remote.RemoteTestNG.main(RemoteTestNG.java:77)
]]>
            </full-stacktrace>
          </exception> <!-- java.lang.AssertionError -->
          <reporter-output>
          </reporter-output>
        </test-method> <!-- TC_1_headerValidationForContentType_Missing -->
        <test-method is-config="true" signature="before_method()[pri:0, instance:login.SendOtp@7d4f9aae]" started-at="2024-04-14T15:36:57 IST" name="before_method" finished-at="2024-04-14T15:36:57 IST" duration-ms="1" status="PASS">
          <reporter-output>
          </reporter-output>
        </test-method> <!-- before_method -->
        <test-method signature="TC_2_headerValidationForContentType_Invalid()[pri:2, instance:login.SendOtp@7d4f9aae]" started-at="2024-04-14T15:36:57 IST" name="TC_2_headerValidationForContentType_Invalid" finished-at="2024-04-14T15:36:57 IST" duration-ms="70" status="PASS">
          <reporter-output>
          </reporter-output>
        </test-method> <!-- TC_2_headerValidationForContentType_Invalid -->
        <test-method is-config="true" signature="before_method()[pri:0, instance:login.SendOtp@7d4f9aae]" started-at="2024-04-14T15:36:57 IST" name="before_method" finished-at="2024-04-14T15:36:57 IST" duration-ms="1" status="PASS">
          <reporter-output>
          </reporter-output>
        </test-method> <!-- before_method -->
        <test-method signature="TC_3_headerValidationForContentType_Blank()[pri:3, instance:login.SendOtp@7d4f9aae]" started-at="2024-04-14T15:36:57 IST" name="TC_3_headerValidationForContentType_Blank" finished-at="2024-04-14T15:36:57 IST" duration-ms="56" status="PASS">
          <reporter-output>
          </reporter-output>
        </test-method> <!-- TC_3_headerValidationForContentType_Blank -->
        <test-method is-config="true" signature="before_method()[pri:0, instance:login.SendOtp@7d4f9aae]" started-at="2024-04-14T15:36:57 IST" name="before_method" finished-at="2024-04-14T15:36:57 IST" duration-ms="1" status="PASS">
          <reporter-output>
          </reporter-output>
        </test-method> <!-- before_method -->
        <test-method signature="TC_4_headerValidationForContentType_Correct()[pri:4, instance:login.SendOtp@7d4f9aae]" started-at="2024-04-14T15:36:57 IST" name="TC_4_headerValidationForContentType_Correct" finished-at="2024-04-14T15:36:59 IST" duration-ms="1219" status="PASS">
          <reporter-output>
          </reporter-output>
        </test-method> <!-- TC_4_headerValidationForContentType_Correct -->
        <test-method is-config="true" signature="before_method()[pri:0, instance:login.SendOtp@7d4f9aae]" started-at="2024-04-14T15:36:59 IST" name="before_method" finished-at="2024-04-14T15:36:59 IST" duration-ms="1" status="PASS">
          <reporter-output>
          </reporter-output>
        </test-method> <!-- before_method -->
        <test-method signature="TC_5_RequestBodyValidationForMobileNumber_Is_Correct()[pri:5, instance:login.SendOtp@7d4f9aae]" started-at="2024-04-14T15:36:59 IST" name="TC_5_RequestBodyValidationForMobileNumber_Is_Correct" finished-at="2024-04-14T15:36:59 IST" duration-ms="420" status="PASS">
          <reporter-output>
          </reporter-output>
        </test-method> <!-- TC_5_RequestBodyValidationForMobileNumber_Is_Correct -->
        <test-method is-config="true" signature="before_method()[pri:0, instance:login.SendOtp@7d4f9aae]" started-at="2024-04-14T15:36:59 IST" name="before_method" finished-at="2024-04-14T15:36:59 IST" duration-ms="1" status="PASS">
          <reporter-output>
          </reporter-output>
        </test-method> <!-- before_method -->
        <test-method signature="TC_6_RequestBodyValidationForMobileNumber_Is_Blank()[pri:6, instance:login.SendOtp@7d4f9aae]" started-at="2024-04-14T15:36:59 IST" name="TC_6_RequestBodyValidationForMobileNumber_Is_Blank" finished-at="2024-04-14T15:36:59 IST" duration-ms="312" status="PASS">
          <reporter-output>
          </reporter-output>
        </test-method> <!-- TC_6_RequestBodyValidationForMobileNumber_Is_Blank -->
        <test-method signature="TC_7_RequestBodyValidationForMobileNumber_Is_Invalid()[pri:7, instance:login.SendOtp@7d4f9aae]" started-at="2024-04-14T15:36:59 IST" name="TC_7_RequestBodyValidationForMobileNumber_Is_Invalid" finished-at="2024-04-14T15:37:00 IST" duration-ms="334" status="PASS">
          <reporter-output>
          </reporter-output>
        </test-method> <!-- TC_7_RequestBodyValidationForMobileNumber_Is_Invalid -->
        <test-method is-config="true" signature="before_method()[pri:0, instance:login.SendOtp@7d4f9aae]" started-at="2024-04-14T15:36:59 IST" name="before_method" finished-at="2024-04-14T15:36:59 IST" duration-ms="0" status="PASS">
          <reporter-output>
          </reporter-output>
        </test-method> <!-- before_method -->
      </class> <!-- login.SendOtp -->
    </test> <!-- Default test -->
  </suite> <!-- Default suite -->
</testng-results>
